<?xml version="1.0" encoding="UTF-8"?>
<!-- Generated by org.testng.reporters.JUnitReportReporter -->
<testsuite skipped="0" hostname="THOR-QA9L" name="myPack.GoogleLaunchAndSearch" tests="1" failures="0" timestamp="6 Jul 2018 10:36:04 GMT" time="14.976" errors="0">
  <testcase name="googleLaunch" time="14.976" classname="myPack.GoogleLaunchAndSearch"/>
</testsuite> <!-- myPack.GoogleLaunchAndSearch -->
