<?xml version="1.0" encoding="UTF-8"?>
<!-- Generated by org.testng.reporters.JUnitReportReporter -->
<testsuite skipped="0" hostname="THOR-QA9L" name="myPack.GoogleLaunchTest" tests="1" failures="0" timestamp="6 Jul 2018 10:33:31 GMT" time="14.035" errors="0">
  <testcase name="googleLaunch" time="14.035" classname="myPack.GoogleLaunchTest"/>
</testsuite> <!-- myPack.GoogleLaunchTest -->
